SF:lib\features\home\data\datasources\local\favorites_local_datasource_impl.dart
DA:5,3
DA:9,3
DA:11,6
DA:13,4
DA:16,0
DA:18,0
DA:19,0
DA:20,0
DA:23,1
DA:25,1
DA:26,1
DA:29,0
DA:31,0
DA:32,0
DA:33,0
LF:15
LH:7
end_of_record
SF:lib\features\home\data\repositories\impl\favorite_repository_impl.dart
DA:5,3
DA:9,1
DA:11,2
DA:14,1
DA:16,2
DA:19,1
DA:21,2
DA:24,3
DA:26,6
LF:9
LH:9
end_of_record
SF:lib\core\modules\data_state.dart
DA:2,13
DA:14,16
DA:18,7
DA:19,7
DA:26,5
LF:5
LH:5
end_of_record
SF:lib\features\home\data\models\comment_model.dart
DA:4,2
DA:12,4
DA:13,2
DA:14,2
DA:15,2
DA:16,2
DA:17,2
LF:7
LH:7
end_of_record
SF:lib\features\home\data\models\post_model.dart
DA:4,2
DA:11,4
DA:12,2
DA:13,2
DA:14,2
DA:15,2
LF:6
LH:6
end_of_record
SF:lib\features\home\data\repositories\impl\mock_posts_repository_impl.dart
DA:12,1
DA:14,2
DA:15,1
DA:16,4
DA:17,1
DA:20,1
DA:23,3
DA:24,1
DA:25,4
DA:26,1
DA:27,1
DA:28,2
LF:12
LH:12
end_of_record
SF:lib\features\home\domain\models\comment.dart
DA:2,5
LF:1
LH:1
end_of_record
SF:lib\features\home\domain\models\post.dart
DA:2,6
LF:1
LH:1
end_of_record
SF:lib\features\home\data\repositories\impl\posts_repository_impl.dart
DA:14,5
DA:21,0
DA:24,1
DA:27,5
DA:29,2
DA:30,2
DA:31,4
DA:32,1
DA:34,3
DA:37,0
DA:41,1
DA:44,1
DA:46,3
DA:48,1
DA:49,4
DA:50,1
DA:52,0
LF:17
LH:14
end_of_record
SF:lib\features\home\domain\usecases\get_posts_use_case.dart
DA:7,3
DA:11,1
DA:13,2
LF:3
LH:3
end_of_record
SF:lib\features\home\domain\usecases\get_post_comments_use_case.dart
DA:7,3
DA:11,1
DA:13,2
LF:3
LH:3
end_of_record
SF:lib\features\home\presentation\bloc\favorites_bloc.dart
DA:7,3
DA:13,3
DA:17,1
DA:18,2
DA:20,2
DA:21,2
DA:22,3
DA:24,2
DA:25,2
DA:26,3
DA:30,1
DA:31,2
DA:32,3
DA:36,1
DA:38,2
DA:41,3
DA:43,6
DA:44,12
LF:18
LH:18
end_of_record
SF:lib\features\home\presentation\bloc\posts_bloc.dart
DA:11,3
DA:22,3
DA:24,3
DA:28,1
DA:29,2
DA:30,3
DA:31,2
DA:32,1
DA:33,3
DA:35,3
DA:38,1
DA:39,3
DA:40,1
DA:41,2
DA:42,1
DA:43,2
DA:44,0
DA:45,1
DA:50,1
DA:51,3
DA:52,2
DA:53,3
DA:56,1
DA:58,2
DA:59,2
DA:62,0
LF:26
LH:24
end_of_record
SF:lib\features\home\presentation\widget\like_icon.dart
DA:7,4
DA:24,3
DA:26,3
DA:27,8
DA:28,3
DA:29,8
DA:30,8
LF:7
LH:7
end_of_record
SF:lib\core\di\shared_preferences_manager.dart
DA:7,2
DA:8,2
DA:11,2
DA:13,0
LF:4
LH:3
end_of_record
SF:lib\core\modules\pinapp_module.dart
DA:18,2
DA:22,2
DA:24,2
DA:25,4
DA:26,6
DA:27,2
DA:28,2
DA:29,2
DA:30,4
DA:32,2
DA:34,2
DA:35,2
DA:36,2
DA:37,4
DA:39,2
DA:40,4
DA:43,2
DA:44,0
DA:49,0
DA:51,0
DA:53,0
DA:55,0
DA:57,0
LF:23
LH:17
end_of_record
SF:lib\features\home\presentation\screen\home_screen.dart
DA:15,4
DA:17,1
DA:18,1
DA:32,1
DA:34,1
DA:35,3
DA:36,3
DA:38,4
DA:39,0
DA:42,2
DA:45,1
DA:46,1
DA:48,1
DA:49,1
DA:50,1
DA:51,1
DA:52,0
DA:53,1
DA:54,1
DA:56,1
DA:57,1
DA:58,1
DA:59,1
DA:60,1
DA:67,1
DA:68,1
DA:69,2
DA:75,3
DA:76,6
DA:81,1
DA:88,1
DA:90,1
DA:91,1
DA:92,1
DA:93,1
DA:94,1
DA:96,1
DA:97,1
DA:112,1
DA:118,1
DA:119,1
DA:120,1
DA:122,1
DA:123,1
DA:124,1
DA:125,3
DA:141,1
DA:142,1
DA:143,2
DA:144,1
DA:148,2
DA:156,2
DA:157,1
DA:158,2
DA:159,2
DA:166,2
DA:167,2
DA:168,1
DA:173,1
DA:174,2
LF:60
LH:58
end_of_record
SF:lib\features\home\presentation\screen\post_comments_screen.dart
DA:16,1
DA:23,1
DA:24,1
DA:34,1
DA:36,1
DA:37,3
DA:38,3
DA:40,5
DA:41,5
DA:44,1
DA:45,1
DA:47,1
DA:48,1
DA:49,1
DA:50,1
DA:51,1
DA:53,1
DA:54,1
DA:55,1
DA:56,1
DA:57,1
DA:64,1
DA:66,1
DA:67,1
DA:68,1
DA:69,2
DA:75,1
DA:76,2
DA:80,1
DA:86,1
DA:87,2
DA:95,1
DA:102,1
DA:104,1
DA:105,1
DA:106,1
DA:107,1
DA:108,1
DA:109,0
DA:116,1
DA:117,1
DA:119,1
DA:120,2
DA:121,1
DA:122,1
DA:123,6
DA:124,2
DA:130,1
DA:131,4
DA:140,1
DA:142,1
DA:143,2
DA:144,1
DA:148,2
DA:156,2
DA:157,1
DA:158,2
DA:159,2
DA:166,2
DA:167,2
DA:168,1
DA:173,1
DA:174,5
LF:63
LH:62
end_of_record
SF:lib\features\home\presentation\widget\empty_state.dart
DA:7,8
DA:30,2
DA:32,2
DA:33,2
DA:35,2
DA:36,2
DA:37,2
DA:38,2
DA:39,2
DA:41,4
DA:42,1
DA:43,1
DA:51,2
DA:52,2
DA:53,6
DA:54,2
DA:55,2
DA:56,2
DA:57,2
LF:19
LH:19
end_of_record
